<?xml version="1.0" encoding="UTF-8"?>
<!-- Generated by org.testng.reporters.JUnitReportReporter -->
<testsuite hostname="LAPTOP-4U3HPESG" failures="0" tests="1" name="practice.SeleniumMaven.AppTest" time="12.184" errors="0" timestamp="11 Nov 2019 10:30:13 GMT" skipped="0">
  <testcase classname="practice.SeleniumMaven.AppTest" name="test" time="12.184"/>
</testsuite> <!-- practice.SeleniumMaven.AppTest -->
